{"logTime": "0316/050823", "correlationVector":"Kw8OhfdyzVf79jSmKzk7lX.0","action":"FeedSettingFetch_homeCloud", "result":"0", "context":{}}
{"logTime": "0316/050823", "correlationVector":"RQZovxj8pWi8mhFSm5HMJ8.1","action":"SyncServerConnectionManagerRequest", "result":"SYNC_SERVER_OK", "context":{"environment":"48F630A6-CB1B-4CC7-86AF-0F6627234B58|106", "server":"AM3PEPF0000099A"}}
{"logTime": "0316/050823", "correlationVector":"IP4S8aKp95iWXD6dOKlBWU.1","action":"SyncServerConnectionManagerRequest", "result":"SYNC_SERVER_OK", "context":{"environment":"48F630A6-CB1B-4CC7-86AF-0F6627234B58|106", "server":"AM3PEPF0000099A"}}
{"logTime": "0316/050823", "correlationVector":"RQZovxj8pWi8mhFSm5HMJ8","action":"Initial GetUpdates", "result":""}
{"logTime": "0316/050823", "correlationVector":"RQZovxj8pWi8mhFSm5HMJ8.2","action":"GetUpdates Response", "result":"SERVER_MORE_TO_DOWNLOAD"}
{"logTime": "0316/050823", "correlationVector":"IP4S8aKp95iWXD6dOKlBWU","action":"Initial GetUpdates", "result":""}
{"logTime": "0316/050823", "correlationVector":"IP4S8aKp95iWXD6dOKlBWU.2","action":"GetUpdates Response", "result":"SYNCER_OK"}
{"logTime": "0316/050825", "correlationVector":"BZ/SsoXKT60/mcLH3M1xUl","action":"SyncServerConnectionManagerRequest", "result":"SYNC_SERVER_OK", "context":{"environment":"", "server":""}}
{"logTime": "0316/050825", "correlationVector":"fzn1QHwHDDV6RAgKfsXVCl","action":"Initial GetUpdates", "result":""}
{"logTime": "0316/050826", "correlationVector":"fzn1QHwHDDV6RAgKfsXVCl.1","action":"SyncServerConnectionManagerRequest", "result":"SYNC_SERVER_OK", "context":{"environment":"48F630A6-CB1B-4CC7-86AF-0F6627234B58|106", "server":"AM3PEPF0000099A"}}
{"logTime": "0316/050826", "correlationVector":"fzn1QHwHDDV6RAgKfsXVCl.2","action":"GetUpdates Response", "result":"SERVER_MORE_TO_DOWNLOAD"}
{"logTime": "0316/050826", "correlationVector":"4nStT6TafGajdsY6rskyPu","action":"Initial GetUpdates", "result":""}
{"logTime": "0316/050827", "correlationVector":"4nStT6TafGajdsY6rskyPu.1","action":"SyncServerConnectionManagerRequest", "result":"SYNC_SERVER_OK", "context":{"environment":"48F630A6-CB1B-4CC7-86AF-0F6627234B58|106", "server":"AM3PEPF0000099A"}}
{"logTime": "0316/050827", "correlationVector":"4nStT6TafGajdsY6rskyPu.2","action":"GetUpdates Response", "result":"SERVER_MORE_TO_DOWNLOAD"}
{"logTime": "0316/050827", "correlationVector":"6+RkMABIAW1d1jdXZzwxUM","action":"Initial GetUpdates", "result":""}
{"logTime": "0316/050827", "correlationVector":"6+RkMABIAW1d1jdXZzwxUM.1","action":"SyncServerConnectionManagerRequest", "result":"SYNC_SERVER_OK", "context":{"environment":"48F630A6-CB1B-4CC7-86AF-0F6627234B58|106", "server":"AM3PEPF0000099A"}}
{"logTime": "0316/050827", "correlationVector":"6+RkMABIAW1d1jdXZzwxUM.2","action":"GetUpdates Response", "result":"SYNCER_OK"}
{"logTime": "0316/050827", "correlationVector":"iNcaCHGOy1Rl7nHQ0YxiBN","action":"Normal GetUpdate request", "result":""}
{"logTime": "0316/050827", "correlationVector":"iNcaCHGOy1Rl7nHQ0YxiBN.1","action":"SyncServerConnectionManagerRequest", "result":"SYNC_SERVER_OK", "context":{"environment":"48F630A6-CB1B-4CC7-86AF-0F6627234B58|106", "server":"AM3PEPF0000099A"}}
{"logTime": "0316/050827", "correlationVector":"iNcaCHGOy1Rl7nHQ0YxiBN.2","action":"GetUpdates Response", "result":"SYNCER_OK"}
{"logTime": "0316/050827", "correlationVector":"FXPygk8C0P6VMdK8/Awy1g","action":"Commit Request", "result":""}
{"logTime": "0316/050828", "correlationVector":"FXPygk8C0P6VMdK8/Awy1g.1","action":"SyncServerConnectionManagerRequest", "result":"SYNC_SERVER_OK", "context":{"environment":"48F630A6-CB1B-4CC7-86AF-0F6627234B58|106", "server":"AM3PEPF0000099A"}}
{"logTime": "0316/050828", "correlationVector":"FXPygk8C0P6VMdK8/Awy1g.2","action":"Commit Response", "result":"SYNCER_OK"}
{"logTime": "0316/050828", "correlationVector":"NJ6wSrGNKIYbZ17iH9dUZF","action":"Commit Request", "result":""}
{"logTime": "0316/050828", "correlationVector":"NJ6wSrGNKIYbZ17iH9dUZF.1","action":"SyncServerConnectionManagerRequest", "result":"SYNC_SERVER_OK", "context":{"environment":"48F630A6-CB1B-4CC7-86AF-0F6627234B58|106", "server":"AM3PEPF0000099A"}}
{"logTime": "0316/050828", "correlationVector":"NJ6wSrGNKIYbZ17iH9dUZF.2","action":"Commit Response", "result":"SYNCER_OK"}
{"logTime": "0323/061617", "correlationVector":"LyH/xZNwTt9xh4m62A9cy9.0","action":"FeedSettingFetch_homeCloud", "result":"0", "context":{}}
{"logTime": "0323/061617", "correlationVector":"Mi52c2ALx/HOvLyzdvLKZv.1","action":"SyncServerConnectionManagerRequest", "result":"SYNC_SERVER_OK", "context":{"environment":"48F630A6-CB1B-4CC7-86AF-0F6627234B58|106", "server":"AM3PEPF0000098E"}}
{"logTime": "0323/061617", "correlationVector":"cc5TBUv/dZ03KUsmEFTuMj.1","action":"SyncServerConnectionManagerRequest", "result":"SYNC_SERVER_OK", "context":{"environment":"48F630A6-CB1B-4CC7-86AF-0F6627234B58|106", "server":"AM3PEPF0000098E"}}
{"logTime": "0323/061617", "correlationVector":"Mi52c2ALx/HOvLyzdvLKZv","action":"Initial GetUpdates", "result":""}
{"logTime": "0323/061617", "correlationVector":"Mi52c2ALx/HOvLyzdvLKZv.2","action":"GetUpdates Response", "result":"SERVER_MORE_TO_DOWNLOAD"}
{"logTime": "0323/061617", "correlationVector":"cc5TBUv/dZ03KUsmEFTuMj","action":"Initial GetUpdates", "result":""}
{"logTime": "0323/061617", "correlationVector":"cc5TBUv/dZ03KUsmEFTuMj.2","action":"GetUpdates Response", "result":"SYNCER_OK"}
{"logTime": "0323/061617", "correlationVector":"gREdfoZsRPfEhRYxDjTyaN","action":"Normal GetUpdate request", "result":""}
{"logTime": "0323/061617", "correlationVector":"gREdfoZsRPfEhRYxDjTyaN.1","action":"SyncServerConnectionManagerRequest", "result":"SYNC_SERVER_OK", "context":{"environment":"48F630A6-CB1B-4CC7-86AF-0F6627234B58|106", "server":"AM3PEPF0000098E"}}
{"logTime": "0323/061617", "correlationVector":"gREdfoZsRPfEhRYxDjTyaN.2","action":"GetUpdates Response", "result":"SYNCER_OK"}
{"logTime": "0328/135838", "correlationVector":"HX2XKBARtGBhu9aRkc2ca5.0","action":"FeedSettingFetch_homeCloud", "result":"0", "context":{}}
{"logTime": "0328/135838", "correlationVector":"7N5y/FM+Y8rmmhbfQJdBX8.1","action":"SyncServerConnectionManagerRequest", "result":"SYNC_SERVER_OK", "context":{"environment":"48F630A6-CB1B-4CC7-86AF-0F6627234B58|106", "server":"AM3PEPF0000098B"}}
{"logTime": "0328/135838", "correlationVector":"3YbKa8t1yhfASsp7BdUZFx.1","action":"SyncServerConnectionManagerRequest", "result":"SYNC_SERVER_OK", "context":{"environment":"48F630A6-CB1B-4CC7-86AF-0F6627234B58|106", "server":"AM3PEPF0000098B"}}
{"logTime": "0328/135839", "correlationVector":"7N5y/FM+Y8rmmhbfQJdBX8","action":"Initial GetUpdates", "result":""}
{"logTime": "0328/135839", "correlationVector":"7N5y/FM+Y8rmmhbfQJdBX8.2","action":"GetUpdates Response", "result":"SERVER_MORE_TO_DOWNLOAD"}
{"logTime": "0328/135839", "correlationVector":"3YbKa8t1yhfASsp7BdUZFx","action":"Initial GetUpdates", "result":""}
{"logTime": "0328/135839", "correlationVector":"3YbKa8t1yhfASsp7BdUZFx.2","action":"GetUpdates Response", "result":"SYNCER_OK"}
{"logTime": "0328/135839", "correlationVector":"ZWU8w0dNmCXKKYbuk4hEj1","action":"Initial GetUpdates", "result":""}
{"logTime": "0328/135839", "correlationVector":"ZWU8w0dNmCXKKYbuk4hEj1.1","action":"SyncServerConnectionManagerRequest", "result":"SYNC_SERVER_OK", "context":{"environment":"48F630A6-CB1B-4CC7-86AF-0F6627234B58|106", "server":"AM3PEPF0000098B"}}
{"logTime": "0328/135839", "correlationVector":"ZWU8w0dNmCXKKYbuk4hEj1.2","action":"GetUpdates Response", "result":"SERVER_MORE_TO_DOWNLOAD"}
{"logTime": "0328/135839", "correlationVector":"0jTSVUrsEPpM2VpZTceQbn","action":"Initial GetUpdates", "result":""}
{"logTime": "0328/135839", "correlationVector":"0jTSVUrsEPpM2VpZTceQbn.1","action":"SyncServerConnectionManagerRequest", "result":"SYNC_SERVER_OK", "context":{"environment":"48F630A6-CB1B-4CC7-86AF-0F6627234B58|106", "server":"AM3PEPF0000098B"}}
{"logTime": "0328/135839", "correlationVector":"0jTSVUrsEPpM2VpZTceQbn.2","action":"GetUpdates Response", "result":"SERVER_MORE_TO_DOWNLOAD"}
{"logTime": "0328/135839", "correlationVector":"qmWv0wbOSkuqVpvN7cLrpV","action":"Initial GetUpdates", "result":""}
{"logTime": "0328/135839", "correlationVector":"qmWv0wbOSkuqVpvN7cLrpV.1","action":"SyncServerConnectionManagerRequest", "result":"SYNC_SERVER_OK", "context":{"environment":"48F630A6-CB1B-4CC7-86AF-0F6627234B58|106", "server":"AM3PEPF0000098B"}}
{"logTime": "0328/135839", "correlationVector":"qmWv0wbOSkuqVpvN7cLrpV.2","action":"GetUpdates Response", "result":"SYNCER_OK"}
{"logTime": "0328/135839", "correlationVector":"nI474MYCFGTqTRSvpqw12p","action":"SyncServerConnectionManagerRequest", "result":"SYNC_SERVER_OK", "context":{"environment":"", "server":""}}
{"logTime": "0328/135839", "correlationVector":"j9jjAGwgL+QWTm6zqMXN6f","action":"Normal GetUpdate request", "result":""}
{"logTime": "0328/135839", "correlationVector":"j9jjAGwgL+QWTm6zqMXN6f.1","action":"SyncServerConnectionManagerRequest", "result":"SYNC_SERVER_OK", "context":{"environment":"48F630A6-CB1B-4CC7-86AF-0F6627234B58|106", "server":"AM3PEPF0000098B"}}
{"logTime": "0328/135839", "correlationVector":"j9jjAGwgL+QWTm6zqMXN6f.2","action":"GetUpdates Response", "result":"SYNCER_OK"}
{"logTime": "0328/135839", "correlationVector":"XUFtv19lqmTs1YE/8lI8x7","action":"Commit Request", "result":""}
{"logTime": "0328/135840", "correlationVector":"XUFtv19lqmTs1YE/8lI8x7.1","action":"SyncServerConnectionManagerRequest", "result":"SYNC_SERVER_OK", "context":{"environment":"48F630A6-CB1B-4CC7-86AF-0F6627234B58|106", "server":"AM3PEPF0000098B"}}
{"logTime": "0328/135840", "correlationVector":"XUFtv19lqmTs1YE/8lI8x7.2","action":"Commit Response", "result":"SYNCER_OK"}
{"logTime": "0328/135840", "correlationVector":"EZQDHAmFgtQpblnnaTsgU3","action":"Normal GetUpdate request", "result":""}
{"logTime": "0328/135840", "correlationVector":"EZQDHAmFgtQpblnnaTsgU3.1","action":"SyncServerConnectionManagerRequest", "result":"SYNC_SERVER_OK", "context":{"environment":"48F630A6-CB1B-4CC7-86AF-0F6627234B58|106", "server":"AM3PEPF0000098B"}}
{"logTime": "0328/135840", "correlationVector":"EZQDHAmFgtQpblnnaTsgU3.2","action":"GetUpdates Response", "result":"SYNCER_OK"}
{"logTime": "0328/135840", "correlationVector":"gF7lR4VMMDRZbJbhUCvF84","action":"Normal GetUpdate request", "result":""}
{"logTime": "0328/135841", "correlationVector":"gF7lR4VMMDRZbJbhUCvF84.1","action":"SyncServerConnectionManagerRequest", "result":"SYNC_SERVER_OK", "context":{"environment":"48F630A6-CB1B-4CC7-86AF-0F6627234B58|106", "server":"AM3PEPF0000098B"}}
{"logTime": "0328/135841", "correlationVector":"gF7lR4VMMDRZbJbhUCvF84.2","action":"GetUpdates Response", "result":"SYNCER_OK"}
